<?xml version="1.0" encoding="UTF-8"?>
<!-- Generated by org.testng.reporters.JUnitReportReporter -->
<testsuite skipped="0" hostname="DESKTOP-NOBQL6Q" name="com.qa.crm.testcases.paremetr" tests="1" failures="0" timestamp="2020-04-13T15:56:32 IST" time="30.429" errors="0">
  <testcase name="para" time="30.429" classname="com.qa.crm.testcases.paremetr"/>
  <system-out/>
</testsuite> <!-- com.qa.crm.testcases.paremetr -->
